<?xml version="1.0" encoding="UTF-8"?>
<!-- Generated by org.testng.reporters.JUnitXMLReporter -->
<testsuite hostname="TR-1S71YY2" ignored="2" name="Test" tests="3" failures="0" timestamp="26 May 2020 14:16:10 GMT" time="15.102" errors="0">
  <testcase name="@BeforeClass setUp" time="0.0" classname="com.Guru99.BankingApp.Pages.BaseTestClass">
    <failure type="java.lang.NullPointerException">
      <![CDATA[java.lang.NullPointerException
	at com.Guru99.BankingApp.Pages.BaseTestClass.setUp(BaseTestClass.java:53)
	at java.util.concurrent.ThreadPoolExecutor.runWorker(ThreadPoolExecutor.java:1149)
	at java.util.concurrent.ThreadPoolExecutor$Worker.run(ThreadPoolExecutor.java:624)
	at java.lang.Thread.run(Thread.java:748)
... Removed 10 stack frames]]>
    </failure>
  </testcase> <!-- @BeforeClass setUp -->
  <testcase name="@BeforeClass setUp" time="0.0" classname="com.Guru99.BankingApp.Pages.BaseTestClass">
    <failure type="java.lang.NullPointerException">
      <![CDATA[java.lang.NullPointerException
	at com.Guru99.BankingApp.Pages.BaseTestClass.setUp(BaseTestClass.java:53)
	at java.util.concurrent.ThreadPoolExecutor.runWorker(ThreadPoolExecutor.java:1149)
	at java.util.concurrent.ThreadPoolExecutor$Worker.run(ThreadPoolExecutor.java:624)
	at java.lang.Thread.run(Thread.java:748)
... Removed 10 stack frames]]>
    </failure>
  </testcase> <!-- @BeforeClass setUp -->
  <testcase name="@AfterMethod tearDownMethod" time="0.0" classname="com.Guru99.BankingApp.Pages.BaseTestClass">
    <skipped/>
  </testcase> <!-- @AfterMethod tearDownMethod -->
  <testcase name="@AfterMethod tearDownMethod" time="0.0" classname="com.Guru99.BankingApp.Pages.BaseTestClass">
    <skipped/>
  </testcase> <!-- @AfterMethod tearDownMethod -->
  <testcase name="@AfterClass closeBrowser" time="0.0" classname="com.Guru99.BankingApp.Pages.BaseTestClass">
    <skipped/>
  </testcase> <!-- @AfterClass closeBrowser -->
  <testcase name="@AfterClass closeBrowser" time="0.0" classname="com.Guru99.BankingApp.Pages.BaseTestClass">
    <skipped/>
  </testcase> <!-- @AfterClass closeBrowser -->
  <testcase name="@AfterMethod tearDownMethod" time="0.0" classname="com.Guru99.BankingApp.Pages.BaseTestClass">
    <skipped/>
  </testcase> <!-- @AfterMethod tearDownMethod -->
  <testcase name="@AfterClass closeBrowser" time="0.0" classname="com.Guru99.BankingApp.Pages.BaseTestClass">
    <skipped/>
  </testcase> <!-- @AfterClass closeBrowser -->
  <testcase name="verifyLoginFailure" time="0.001" classname="com.Guru99.BankingApp.Tests.Guru99BankLoginFailedTest">
    <skipped/>
  </testcase> <!-- verifyLoginFailure -->
  <testcase name="verifyManagerID" time="0.001" classname="com.Guru99.BankingApp.Tests.Guru99BankManagerIDTest">
    <skipped/>
  </testcase> <!-- verifyManagerID -->
  <testcase name="verifyLogin" time="0.001" classname="com.Guru99.BankingApp.Tests.Guru99BankLoginTest">
    <skipped/>
  </testcase> <!-- verifyLogin -->
  <testcase name="@BeforeSuite setUpSuite" time="0.0" classname="com.Guru99.BankingApp.Pages.BaseTestClass">
    <ignored/>
  </testcase> <!-- @BeforeSuite setUpSuite -->
  <testcase name="@BeforeSuite setUpSuite" time="0.0" classname="com.Guru99.BankingApp.Pages.BaseTestClass">
    <ignored/>
  </testcase> <!-- @BeforeSuite setUpSuite -->
</testsuite> <!-- Test -->
